 ____  _____    _    ____ 
|  _ \| ____|  / \  |  _ \
| |_) |  _|   / _ \ | |_) |
|  __/| |___ / ___ \|  _ <
|_|   |_____/_/   \_\_| \_\

PEAR v0.9.10 [May 30, 2016]

Citation - PEAR: a fast and accurate Illumina Paired-End reAd mergeR
Zhang et al (2014) Bioinformatics 30(5): 614-620 | doi:10.1093/bioinformatics/btt593

Forward reads file.................: /Users/zhaoc1/Work/github/shotgun_pipeline_snakemake/illqc_results/PCMP_SSND_R1.fastq
Reverse reads file.................: /Users/zhaoc1/Work/github/shotgun_pipeline_snakemake/illqc_results/PCMP_SSND_R2.fastq
PHRED..............................: 33
Using empirical frequencies........: YES
Statistical method.................: OES
Maximum assembly length............: 999999
Minimum assembly length............: 50
p-value............................: 0.010000
Quality score threshold (trimming).: 0
Minimum read size after trimming...: 1
Maximal ratio of uncalled bases....: 1.000000
Minimum overlap....................: 10
Scoring method.....................: Scaled score
Threads............................: 1

Allocating memory..................: 209,715,200 bytes
Computing empirical frequencies....: DONE
  A: 0.247601
  C: 0.254496
  G: 0.250319
  T: 0.247584
  3 uncalled bases
Assemblying reads: 0%Assemblying reads: 100%

Assembled reads ...................: 285 / 497 (57.344%)
Discarded reads ...................: 0 / 497 (0.000%)
Not assembled reads ...............: 212 / 497 (42.656%)
Assembled reads file...............: /Users/zhaoc1/Work/github/shotgun_pipeline_snakemake/stitch_results/PCMP_SSND.assembled.fastq
Discarded reads file...............: /Users/zhaoc1/Work/github/shotgun_pipeline_snakemake/stitch_results/PCMP_SSND.discarded.fastq
Unassembled forward reads file.....: /Users/zhaoc1/Work/github/shotgun_pipeline_snakemake/stitch_results/PCMP_SSND.unassembled.forward.fastq
Unassembled reverse reads file.....: /Users/zhaoc1/Work/github/shotgun_pipeline_snakemake/stitch_results/PCMP_SSND.unassembled.reverse.fastq
